
I! CuDNN (v7501) function cudnnFindConvolutionForwardAlgorithm() called:
i!     handle: type=cudnnHandle_t; streamId=0x7fa5880083d0;
i!     srcDesc: type=cudnnTensorDescriptor_t:
i!         dataType: type=cudnnDataType_t; val=CUDNN_DATA_FLOAT (0);
i!         nbDims: type=int; val=4;
i!         dimA: type=int; val=[1,3,224,224];
i!         strideA: type=int; val=[150528,50176,224,1];
i!     filterDesc: type=cudnnFilterDescriptor_t:
i!         dataType: type=cudnnDataType_t; val=CUDNN_DATA_FLOAT (0);
i!         vect: type=int; val=0;
i!         nbDims: type=int; val=4;
i!         dimA: type=int; val=[96,3,11,11];
i!         format: type=cudnnTensorFormat_t; val=CUDNN_TENSOR_NCHW (0);
i!     convDesc: type=cudnnConvolutionDescriptor_t:
i!         mode: type=cudnnConvolutionMode_t; val=CUDNN_CROSS_CORRELATION (1);
i!         dataType: type=cudnnDataType_t; val=CUDNN_DATA_FLOAT (0);
i!         mathType: type=cudnnMathType_t; val=CUDNN_DEFAULT_MATH (0);
i!         arrayLength: type=int; val=2;
i!         padA: type=int; val=[0,0];
i!         strideA: type=int; val=[4,4];
i!         dilationA: type=int; val=[1,1];
i!         groupCount: type=int; val=1;
i!     destDesc: type=cudnnTensorDescriptor_t:
i!         dataType: type=cudnnDataType_t; val=CUDNN_DATA_FLOAT (0);
i!         nbDims: type=int; val=4;
i!         dimA: type=int; val=[1,96,54,54];
i!         strideA: type=int; val=[279936,2916,54,1];
i!     requestedAlgoCount: type=int; val=10;
i! Time: 2019-06-04T18:09:15.727680 (0d+0h+0m+5s since start)
i! Process=18690; Thread=18798; GPU=0; Handle=0x7fa5880ddba0; StreamId=0x7fa5880083d0.

