

I! CuDNN (v7501) function cudnnSetPoolingNdDescriptor() called:
i!     mode: type=cudnnPoolingMode_t; val=CUDNN_POOLING_MAX (0);
i!     maxpoolingNanOpt: type=cudnnNanPropagation_t; val=CUDNN_NOT_PROPAGATE_NAN (0);
i!     nbDims: type=int; val=2;
i!     windowDimA: type=int; val=[3,3];
i!     paddingA: type=int; val=[0,0];
i!     strideA: type=int; val=[2,2];
i! Time: 2019-06-04T18:01:43.985776 (0d+0h+0m+5s since start)
i! Process=18380; Thread=18499; GPU=NULL; Handle=NULL; StreamId=NULL.


I! CuDNN (v7501) function cudnnPoolingForward() called:
i!     handle: type=cudnnHandle_t; streamId=0x7f15100083d0;
i!     poolingDesc: type=cudnnPoolingDescriptor_t:
i!         mode: type=cudnnPoolingMode_t; val=CUDNN_POOLING_MAX (0);
i!         nbDims: type=int; val=2;
i!         maxpoolingNanOpt: type=cudnnNanPropagation_t; val=CUDNN_NOT_PROPAGATE_NAN (0);
i!         windowDimA: type=int; val=[3,3];
i!         paddingA: type=int; val=[0,0];
i!         strideA: type=int; val=[2,2];
i!     alpha: type=CUDNN_DATA_FLOAT; val=1.000000;
i!     srcDesc: type=cudnnTensorDescriptor_t:
i!         dataType: type=cudnnDataType_t; val=CUDNN_DATA_FLOAT (0);
i!         nbDims: type=int; val=4;
i!         dimA: type=int; val=[1,256,13,13];
i!         strideA: type=int; val=[43264,169,13,1];
i!     srcData: location=dev; addr=0x7f15710ed600;
i!     beta: type=CUDNN_DATA_FLOAT; val=0.000000;
i!     destDesc: type=cudnnTensorDescriptor_t:
i!         dataType: type=cudnnDataType_t; val=CUDNN_DATA_FLOAT (0);
i!         nbDims: type=int; val=4;
i!         dimA: type=int; val=[1,256,6,6];
i!         strideA: type=int; val=[9216,36,6,1];
i!     destData: location=dev; addr=0x7f15723ba000;
i! Time: 2019-06-04T18:01:43.985800 (0d+0h+0m+5s since start)
i! Process=18380; Thread=18499; GPU=0; Handle=0x7f15100dda80; StreamId=0x7f15100083d0.
